<?xml version="1.0" encoding="UTF-8"?>
<!-- Generated by org.testng.reporters.JUnitReportReporter -->
<testsuite hostname="DESKTOP-QMDORUI" failures="0" tests="1" name="test.ExtendReportsDemowithTestNG" time="2.152" errors="0" timestamp="2021-01-28T19:56:12 PET" skipped="0">
  <testcase classname="test.ExtendReportsDemowithTestNG" name="test1" time="2.152"/>
  <system-out/>
</testsuite> <!-- test.ExtendReportsDemowithTestNG -->
