<?xml version="1.0" encoding="UTF-8"?>
<!-- Generated by org.testng.reporters.JUnitReportReporter -->
<testsuite hostname="DESKTOP-QMDORUI" failures="0" tests="1" name="test.TestNG_Demo" time="3.642" errors="0" timestamp="2021-01-29T17:14:30 PET" skipped="0">
  <testcase classname="test.TestNG_Demo" name="googleSearch" time="3.642"/>
  <system-out/>
</testsuite> <!-- test.TestNG_Demo -->
