<?xml version="1.0" encoding="UTF-8"?>
<!-- Generated by org.testng.reporters.JUnitReportReporter -->
<testsuite hostname="DESKTOP-QMDORUI" failures="0" tests="1" name="test.TestNG_Demo" time="3.185" errors="0" timestamp="2021-01-27T19:04:45 PET" skipped="0">
  <testcase classname="test.TestNG_Demo" name="googleSearch" time="3.185"/>
  <system-out/>
</testsuite> <!-- test.TestNG_Demo -->
